============================================================
FETCHING 26 SEASONS (2000-01 to 2025-26)
Started at: 2025-11-09 23:48:13
============================================================


############################################################
SEASON 2000-01 (1/26)
############################################################

Starting shot data collection
Season: 2000-01
Total teams: 30
Started at: 2025-11-09 23:48:13
------------------------------------------------------------
[1/30] Atlanta Hawks: 6668 shots
[2/30] Boston Celtics: 6485 shots
[3/30] Cleveland Cavaliers: 6532 shots
[4/30] New Orleans Pelicans: No shots
[5/30] Chicago Bulls: 6411 shots
  → Progress saved: 26096 total shots so far
[6/30] Dallas Mavericks: 6716 shots
[7/30] Denver Nuggets: 6877 shots
[8/30] Golden State Warriors: 7175 shots
[9/30] Houston Rockets: 6494 shots
[10/30] Los Angeles Clippers: 6467 shots
  → Progress saved: 59825 total shots so far
[11/30] Los Angeles Lakers: 6685 shots
[12/30] Miami Heat: 6258 shots
[13/30] Milwaukee Bucks: 6798 shots
[14/30] Minnesota Timberwolves: 6871 shots
[15/30] Brooklyn Nets: 6550 shots
  → Progress saved: 92987 total shots so far
[16/30] New York Knicks: 6198 shots
[17/30] Orlando Magic: 6873 shots
[18/30] Indiana Pacers: 6431 shots
[19/30] Philadelphia 76ers: 6487 shots
[20/30] Phoenix Suns: 6757 shots
  → Progress saved: 125733 total shots so far
[21/30] Portland Trail Blazers: 6417 shots
[22/30] Sacramento Kings: 6969 shots
[23/30] San Antonio Spurs: 6262 shots
[24/30] Oklahoma City Thunder: 6649 shots
[25/30] Toronto Raptors: 6972 shots
  → Progress saved: 159002 total shots so far
[26/30] Utah Jazz: 6289 shots
[27/30] Memphis Grizzlies: 6539 shots
[28/30] Washington Wizards: 6453 shots
[29/30] Detroit Pistons: 6880 shots
[30/30] Charlotte Hornets: 6501 shots
  → Progress saved: 191664 total shots so far
------------------------------------------------------------
Completed at: 2025-11-09 23:50:42

✓ Total shots collected: 191,664
✓ Teams with shots: 29
✓ Unique games: 1189
✓ Unique players: 439

✓ Saved to: nba_shots_2000-01_all.csv

============================================================
OVERALL PROGRESS: 1/26 seasons
Elapsed: 0:02:30.506613
Est. remaining: 1:02:42.665325
============================================================


############################################################
SEASON 2001-02 (2/26)
############################################################

Starting shot data collection
Season: 2001-02
Total teams: 30
Started at: 2025-11-09 23:50:43
------------------------------------------------------------
[1/30] Atlanta Hawks: 6610 shots
[2/30] Boston Celtics: 6731 shots
[3/30] Cleveland Cavaliers: 6582 shots
[4/30] New Orleans Pelicans: No shots
[5/30] Chicago Bulls: 6491 shots
  → Progress saved: 26414 total shots so far
[6/30] Dallas Mavericks: 6930 shots
[7/30] Denver Nuggets: 6870 shots
[8/30] Golden State Warriors: 6989 shots
[9/30] Houston Rockets: 6629 shots
[10/30] Los Angeles Clippers: 6668 shots
  → Progress saved: 60500 total shots so far
[11/30] Los Angeles Lakers: 6840 shots
[12/30] Miami Heat: 6382 shots
[13/30] Milwaukee Bucks: 6577 shots
[14/30] Minnesota Timberwolves: 6887 shots
[15/30] Brooklyn Nets: 6816 shots
  → Progress saved: 94002 total shots so far
[16/30] New York Knicks: 6520 shots
[17/30] Orlando Magic: 6892 shots
[18/30] Indiana Pacers: 6580 shots
[19/30] Philadelphia 76ers: 6436 shots
[20/30] Phoenix Suns: 6934 shots
  → Progress saved: 127364 total shots so far
[21/30] Portland Trail Blazers: 6671 shots
[22/30] Sacramento Kings: 7003 shots
[23/30] San Antonio Spurs: 6363 shots
[24/30] Oklahoma City Thunder: 6681 shots
[25/30] Toronto Raptors: 6727 shots
  → Progress saved: 160809 total shots so far
[26/30] Utah Jazz: 6374 shots
[27/30] Memphis Grizzlies: 6535 shots
[28/30] Washington Wizards: 6664 shots
[29/30] Detroit Pistons: 6301 shots
[30/30] Charlotte Hornets: 6580 shots
  → Progress saved: 193263 total shots so far
------------------------------------------------------------
Completed at: 2025-11-09 23:52:50

✓ Total shots collected: 193,263
✓ Teams with shots: 29
✓ Unique games: 1189
✓ Unique players: 439

✓ Saved to: nba_shots_2001-02_all.csv

============================================================
OVERALL PROGRESS: 2/26 seasons
Elapsed: 0:04:37.975842
Est. remaining: 0:55:35.710104
============================================================


############################################################
SEASON 2002-03 (3/26)
############################################################

Starting shot data collection
Season: 2002-03
Total teams: 30
Started at: 2025-11-09 23:52:50
------------------------------------------------------------
[1/30] Atlanta Hawks: 6434 shots
[2/30] Boston Celtics: 6509 shots
[3/30] Cleveland Cavaliers: 6746 shots
[4/30] New Orleans Pelicans: 6695 shots
[5/30] Chicago Bulls: 6714 shots
  → Progress saved: 33098 total shots so far
[6/30] Dallas Mavericks: 6982 shots
[7/30] Denver Nuggets: 6544 shots
[8/30] Golden State Warriors: 6941 shots
[9/30] Houston Rockets: 6461 shots
[10/30] Los Angeles Clippers: 6490 shots
  → Progress saved: 66516 total shots so far
[11/30] Los Angeles Lakers: 6856 shots
[12/30] Miami Heat: 6517 shots
[13/30] Milwaukee Bucks: 6670 shots
[14/30] Minnesota Timberwolves: 6809 shots
[15/30] Brooklyn Nets: 6585 shots
  → Progress saved: 99953 total shots so far
[16/30] New York Knicks: 6725 shots
[17/30] Orlando Magic: 6763 shots
[18/30] Indiana Pacers: 6608 shots
[19/30] Philadelphia 76ers: 6640 shots
[20/30] Phoenix Suns: 6776 shots
  → Progress saved: 133465 total shots so far
[21/30] Portland Trail Blazers: 6491 shots
[22/30] Sacramento Kings: 6990 shots
[23/30] San Antonio Spurs: 6297 shots
[24/30] Oklahoma City Thunder: 6599 shots
[25/30] Toronto Raptors: 6664 shots
  → Progress saved: 166506 total shots so far
[26/30] Utah Jazz: 6189 shots
[27/30] Memphis Grizzlies: 6743 shots
[28/30] Washington Wizards: 6394 shots
[29/30] Detroit Pistons: 6277 shots
[30/30] Charlotte Hornets: No shots
  → Progress saved: 192109 total shots so far
------------------------------------------------------------
Completed at: 2025-11-09 23:55:05

✓ Total shots collected: 192,109
✓ Teams with shots: 29
✓ Unique games: 1189
✓ Unique players: 427

✓ Saved to: nba_shots_2002-03_all.csv

============================================================
OVERALL PROGRESS: 3/26 seasons
Elapsed: 0:06:53.200830
Est. remaining: 0:52:47.873030
============================================================


############################################################
SEASON 2003-04 (4/26)
############################################################

Starting shot data collection
Season: 2003-04
Total teams: 30
Started at: 2025-11-09 23:55:06
------------------------------------------------------------
[1/30] Atlanta Hawks: 6529 shots
[2/30] Boston Celtics: 6415 shots
[3/30] Cleveland Cavaliers: 6753 shots
[4/30] New Orleans Pelicans: 6605 shots
[5/30] Chicago Bulls: 6753 shots
  → Progress saved: 33055 total shots so far
[6/30] Dallas Mavericks: 7230 shots
[7/30] Denver Nuggets: 6763 shots
[8/30] Golden State Warriors: 6511 shots
[9/30] Houston Rockets: 6195 shots
[10/30] Los Angeles Clippers: 6579 shots
  → Progress saved: 66333 total shots so far
[11/30] Los Angeles Lakers: 6676 shots
[12/30] Miami Heat: 6417 shots
[13/30] Milwaukee Bucks: 6650 shots
[14/30] Minnesota Timberwolves: 6571 shots
[15/30] Brooklyn Nets: 6372 shots
  → Progress saved: 99019 total shots so far
[16/30] New York Knicks: 6513 shots
[17/30] Orlando Magic: 6768 shots
[18/30] Indiana Pacers: 6322 shots
[19/30] Philadelphia 76ers: 6260 shots
[20/30] Phoenix Suns: 6671 shots
  → Progress saved: 131553 total shots so far
[21/30] Portland Trail Blazers: 6467 shots
[22/30] Sacramento Kings: 6711 shots
[23/30] San Antonio Spurs: 6434 shots
[24/30] Oklahoma City Thunder: 6590 shots
[25/30] Toronto Raptors: 6348 shots
  → Progress saved: 164103 total shots so far
[26/30] Utah Jazz: 6172 shots
[27/30] Memphis Grizzlies: 6657 shots
[28/30] Washington Wizards: 6557 shots
[29/30] Detroit Pistons: 6314 shots
[30/30] Charlotte Hornets: No shots
  → Progress saved: 189803 total shots so far
------------------------------------------------------------
Completed at: 2025-11-10 00:12:32

✓ Total shots collected: 189,803
✓ Teams with shots: 29
✓ Unique games: 1189
✓ Unique players: 440

✓ Saved to: nba_shots_2003-04_all.csv

============================================================
OVERALL PROGRESS: 4/26 seasons
Elapsed: 0:24:19.758793
Est. remaining: 2:13:48.673356
============================================================


############################################################
SEASON 2004-05 (5/26)
############################################################

Starting shot data collection
Season: 2004-05
Total teams: 30
Started at: 2025-11-10 00:12:32
------------------------------------------------------------
[1/30] Atlanta Hawks: FAILED - ('Connection aborted.', RemoteDisconnected('Remote end closed connection without response'))
[2/30] Boston Celtics: 6511 shots
[3/30] Cleveland Cavaliers: 6687 shots
[4/30] New Orleans Pelicans: 6556 shots
[5/30] Chicago Bulls: 6592 shots
  → Progress saved: 26346 total shots so far
[6/30] Dallas Mavericks: 6691 shots
[7/30] Denver Nuggets: 6615 shots
[8/30] Golden State Warriors: FAILED - HTTPSConnectionPool(host='stats.nba.com', port=443): Read timed out. (read timeout=30)
[9/30] Houston Rockets: 6419 shots
[10/30] Los Angeles Clippers: 6368 shots
  → Progress saved: 52439 total shots so far
[11/30] Los Angeles Lakers: 6629 shots
[12/30] Miami Heat: 6368 shots
[13/30] Milwaukee Bucks: 6580 shots
[14/30] Minnesota Timberwolves: 6629 shots
[15/30] Brooklyn Nets: 6419 shots
  → Progress saved: 85064 total shots so far
[16/30] New York Knicks: 6599 shots
[17/30] Orlando Magic: FAILED - HTTPSConnectionPool(host='stats.nba.com', port=443): Read timed out. (read timeout=30)
[18/30] Indiana Pacers: 6169 shots
[19/30] Philadelphia 76ers: 6736 shots
[20/30] Phoenix Suns: FAILED - HTTPSConnectionPool(host='stats.nba.com', port=443): Read timed out. (read timeout=30)
[21/30] Portland Trail Blazers: 6422 shots
[22/30] Sacramento Kings: 6978 shots
[23/30] San Antonio Spurs: 6450 shots
[24/30] Oklahoma City Thunder: 6498 shots
[25/30] Toronto Raptors: 6656 shots
  → Progress saved: 137572 total shots so far
[26/30] Utah Jazz: FAILED - HTTPSConnectionPool(host='stats.nba.com', port=443): Read timed out. (read timeout=30)
[27/30] Memphis Grizzlies: 6271 shots
[28/30] Washington Wizards: 6794 shots
[29/30] Detroit Pistons: 6421 shots
[30/30] Charlotte Hornets: 6859 shots
  → Progress saved: 163917 total shots so far
------------------------------------------------------------
Completed at: 2025-11-10 01:03:14

Failed to fetch data for 5 teams:
  - Atlanta Hawks: ('Connection aborted.', RemoteDisconnected('Remote end closed connection without response'))
  - Golden State Warriors: HTTPSConnectionPool(host='stats.nba.com', port=443): Read timed out. (read timeout=30)
  - Orlando Magic: HTTPSConnectionPool(host='stats.nba.com', port=443): Read timed out. (read timeout=30)
  - Phoenix Suns: HTTPSConnectionPool(host='stats.nba.com', port=443): Read timed out. (read timeout=30)
  - Utah Jazz: HTTPSConnectionPool(host='stats.nba.com', port=443): Read timed out. (read timeout=30)

✓ Total shots collected: 163,917
✓ Teams with shots: 25
✓ Unique games: 1203
✓ Unique players: 398

✓ Saved to: nba_shots_2004-05_all.csv

============================================================
OVERALL PROGRESS: 5/26 seasons
Elapsed: 1:15:02.409083
Est. remaining: 5:15:10.118157
============================================================


############################################################
SEASON 2005-06 (6/26)
############################################################

Starting shot data collection
Season: 2005-06
Total teams: 30
Started at: 2025-11-10 01:03:15
------------------------------------------------------------
[1/30] Atlanta Hawks: 6496 shots
[2/30] Boston Celtics: 6322 shots
[3/30] Cleveland Cavaliers: 6412 shots
[4/30] New Orleans Pelicans: 6428 shots
[5/30] Chicago Bulls: 6737 shots
  → Progress saved: 32395 total shots so far
[6/30] Dallas Mavericks: 6375 shots
[7/30] Denver Nuggets: 6672 shots
[8/30] Golden State Warriors: 6785 shots
[9/30] Houston Rockets: 6252 shots
[10/30] Los Angeles Clippers: 6443 shots
  → Progress saved: 64922 total shots so far
[11/30] Los Angeles Lakers: 6607 shots
[12/30] Miami Heat: 6355 shots
[13/30] Milwaukee Bucks: 6566 shots
[14/30] Minnesota Timberwolves: 6340 shots
[15/30] Brooklyn Nets: 6317 shots
  → Progress saved: 97107 total shots so far
[16/30] New York Knicks: 6205 shots
[17/30] Orlando Magic: 6167 shots
[18/30] Indiana Pacers: 6274 shots
[19/30] Philadelphia 76ers: 6546 shots
[20/30] Phoenix Suns: 7167 shots
  → Progress saved: 129466 total shots so far
[21/30] Portland Trail Blazers: 6267 shots
[22/30] Sacramento Kings: 6500 shots
[23/30] San Antonio Spurs: 6342 shots
[24/30] Oklahoma City Thunder: 6711 shots
[25/30] Toronto Raptors: 6639 shots
  → Progress saved: 161925 total shots so far
[26/30] Utah Jazz: 6207 shots
[27/30] Memphis Grizzlies: 6125 shots
[28/30] Washington Wizards: 6656 shots
[29/30] Detroit Pistons: 6558 shots
[30/30] Charlotte Hornets: 6843 shots
  → Progress saved: 194314 total shots so far
------------------------------------------------------------
Completed at: 2025-11-10 01:05:35

✓ Total shots collected: 194,314
✓ Teams with shots: 30
✓ Unique games: 1230
✓ Unique players: 455

✓ Saved to: nba_shots_2005-06_all.csv

============================================================
OVERALL PROGRESS: 6/26 seasons
Elapsed: 1:17:22.731826
Est. remaining: 4:17:55.772760
============================================================


############################################################
SEASON 2006-07 (7/26)
############################################################

Starting shot data collection
Season: 2006-07
Total teams: 30
Started at: 2025-11-10 01:05:35
------------------------------------------------------------
[1/30] Atlanta Hawks: 6372 shots
[2/30] Boston Celtics: 6454 shots
[3/30] Cleveland Cavaliers: 6658 shots
[4/30] New Orleans Pelicans: 6674 shots
[5/30] Chicago Bulls: 6663 shots
  → Progress saved: 32821 total shots so far
[6/30] Dallas Mavericks: 6442 shots
[7/30] Denver Nuggets: 6805 shots
[8/30] Golden State Warriors: 7048 shots
[9/30] Houston Rockets: 6528 shots
[10/30] Los Angeles Clippers: 6318 shots
  → Progress saved: 65962 total shots so far
[11/30] Los Angeles Lakers: 6664 shots
[12/30] Miami Heat: 6288 shots
[13/30] Milwaukee Bucks: 6714 shots
[14/30] Minnesota Timberwolves: 6502 shots
[15/30] Brooklyn Nets: 6379 shots
  → Progress saved: 98509 total shots so far
[16/30] New York Knicks: FAILED - HTTPSConnectionPool(host='stats.nba.com', port=443): Read timed out. (read timeout=30)
[17/30] Orlando Magic: 6090 shots
[18/30] Indiana Pacers: 6561 shots
[19/30] Philadelphia 76ers: 6408 shots
[20/30] Phoenix Suns: 6855 shots
  → Progress saved: 124423 total shots so far
[21/30] Portland Trail Blazers: 6392 shots
[22/30] Sacramento Kings: 6532 shots
[23/30] San Antonio Spurs: 6328 shots
[24/30] Oklahoma City Thunder: 6628 shots
[25/30] Toronto Raptors: 6547 shots
  → Progress saved: 156850 total shots so far
[26/30] Utah Jazz: 6471 shots
[27/30] Memphis Grizzlies: 6448 shots
[28/30] Washington Wizards: 6820 shots
[29/30] Detroit Pistons: 6484 shots
[30/30] Charlotte Hornets: 6643 shots
  → Progress saved: 189716 total shots so far
------------------------------------------------------------
Completed at: 2025-11-10 01:16:38

Failed to fetch data for 1 teams:
  - New York Knicks: HTTPSConnectionPool(host='stats.nba.com', port=443): Read timed out. (read timeout=30)

✓ Total shots collected: 189,716
✓ Teams with shots: 29
✓ Unique games: 1230
✓ Unique players: 443

✓ Saved to: nba_shots_2006-07_all.csv

============================================================
OVERALL PROGRESS: 7/26 seasons
Elapsed: 1:28:26.075261
Est. remaining: 4:00:02.204288
============================================================


############################################################
SEASON 2007-08 (8/26)
############################################################

Starting shot data collection
Season: 2007-08
Total teams: 30
Started at: 2025-11-10 01:16:39
------------------------------------------------------------
[1/30] Atlanta Hawks: 6552 shots
[2/30] Boston Celtics: FAILED - HTTPSConnectionPool(host='stats.nba.com', port=443): Read timed out. (read timeout=30)
[3/30] Cleveland Cavaliers: FAILED - HTTPSConnectionPool(host='stats.nba.com', port=443): Read timed out. (read timeout=30)
[4/30] New Orleans Pelicans: 6796 shots
[5/30] Chicago Bulls: FAILED - HTTPSConnectionPool(host='stats.nba.com', port=443): Read timed out. (read timeout=30)
[6/30] Dallas Mavericks: FAILED - HTTPSConnectionPool(host='stats.nba.com', port=443): Read timed out. (read timeout=30)
[7/30] Denver Nuggets: 7038 shots
[8/30] Golden State Warriors: 7406 shots
[9/30] Houston Rockets: FAILED - ('Connection aborted.', RemoteDisconnected('Remote end closed connection without response'))
[10/30] Los Angeles Clippers: FAILED - HTTPSConnectionPool(host='stats.nba.com', port=443): Read timed out. (read timeout=30)
[11/30] Los Angeles Lakers: 6818 shots
[12/30] Miami Heat: 6336 shots
[13/30] Milwaukee Bucks: FAILED - HTTPSConnectionPool(host='stats.nba.com', port=443): Read timed out. (read timeout=30)
[14/30] Minnesota Timberwolves: 6817 shots
[15/30] Brooklyn Nets: 6450 shots
  → Progress saved: 54213 total shots so far
[16/30] New York Knicks: 6757 shots
[17/30] Orlando Magic: 6446 shots
[18/30] Indiana Pacers: 6993 shots
[19/30] Philadelphia 76ers: 6648 shots
[20/30] Phoenix Suns: 6782 shots
  → Progress saved: 87839 total shots so far
[21/30] Portland Trail Blazers: 6546 shots
[22/30] Sacramento Kings: 6558 shots
[23/30] San Antonio Spurs: 6424 shots
[24/30] Oklahoma City Thunder: 7032 shots
[25/30] Toronto Raptors: 6726 shots
  → Progress saved: 121125 total shots so far
[26/30] Utah Jazz: 6592 shots
[27/30] Memphis Grizzlies: 6737 shots
[28/30] Washington Wizards: 6695 shots
[29/30] Detroit Pistons: 6551 shots
[30/30] Charlotte Hornets: 6554 shots
  → Progress saved: 154254 total shots so far
------------------------------------------------------------
Completed at: 2025-11-10 07:55:29

Failed to fetch data for 7 teams:
  - Boston Celtics: HTTPSConnectionPool(host='stats.nba.com', port=443): Read timed out. (read timeout=30)
  - Cleveland Cavaliers: HTTPSConnectionPool(host='stats.nba.com', port=443): Read timed out. (read timeout=30)
  - Chicago Bulls: HTTPSConnectionPool(host='stats.nba.com', port=443): Read timed out. (read timeout=30)
  - Dallas Mavericks: HTTPSConnectionPool(host='stats.nba.com', port=443): Read timed out. (read timeout=30)
  - Houston Rockets: ('Connection aborted.', RemoteDisconnected('Remote end closed connection without response'))
  - Los Angeles Clippers: HTTPSConnectionPool(host='stats.nba.com', port=443): Read timed out. (read timeout=30)
  - Milwaukee Bucks: HTTPSConnectionPool(host='stats.nba.com', port=443): Read timed out. (read timeout=30)

✓ Total shots collected: 154,254
✓ Teams with shots: 23
✓ Unique games: 1171
✓ Unique players: 351

✓ Saved to: nba_shots_2007-08_all.csv

============================================================
OVERALL PROGRESS: 8/26 seasons
Elapsed: 8:07:17.273277
Est. remaining: 18:16:23.864880
============================================================


############################################################
SEASON 2008-09 (9/26)
############################################################

Starting shot data collection
Season: 2008-09
Total teams: 30
Started at: 2025-11-10 07:55:30
------------------------------------------------------------
[1/30] Atlanta Hawks: 6451 shots
[2/30] Boston Celtics: 6333 shots
[3/30] Cleveland Cavaliers: 6454 shots
[4/30] New Orleans Pelicans: FAILED - HTTPSConnectionPool(host='stats.nba.com', port=443): Read timed out. (read timeout=30)
[5/30] Chicago Bulls: 6846 shots
  → Progress saved: 26084 total shots so far
[6/30] Dallas Mavericks: 6770 shots
[7/30] Denver Nuggets: 6510 shots
[8/30] Golden State Warriors: 7055 shots
[9/30] Houston Rockets: 6526 shots
[10/30] Los Angeles Clippers: FAILED - ('Connection aborted.', RemoteDisconnected('Remote end closed connection without response'))
[11/30] Los Angeles Lakers: 6981 shots
[12/30] Miami Heat: 6646 shots
[13/30] Milwaukee Bucks: 6755 shots
[14/30] Minnesota Timberwolves: 6766 shots
[15/30] Brooklyn Nets: 6536 shots
  → Progress saved: 86629 total shots so far
[16/30] New York Knicks: 7091 shots
[17/30] Orlando Magic: 6416 shots
[18/30] Indiana Pacers: 7080 shots
[19/30] Philadelphia 76ers: 6532 shots
[20/30] Phoenix Suns: 6695 shots
  → Progress saved: 120443 total shots so far
[21/30] Portland Trail Blazers: 6494 shots
[22/30] Sacramento Kings: 6685 shots
[23/30] San Antonio Spurs: 6534 shots
[24/30] Oklahoma City Thunder: 6716 shots
[25/30] Toronto Raptors: 6673 shots
  → Progress saved: 153545 total shots so far
[26/30] Utah Jazz: 6623 shots
[27/30] Memphis Grizzlies: 6311 shots
[28/30] Washington Wizards: 6655 shots
[29/30] Detroit Pistons: 6559 shots
[30/30] Charlotte Hornets: 6299 shots
  → Progress saved: 185992 total shots so far
------------------------------------------------------------
Completed at: 2025-11-10 08:17:53

Failed to fetch data for 2 teams:
  - New Orleans Pelicans: HTTPSConnectionPool(host='stats.nba.com', port=443): Read timed out. (read timeout=30)
  - Los Angeles Clippers: ('Connection aborted.', RemoteDisconnected('Remote end closed connection without response'))

✓ Total shots collected: 185,992
✓ Teams with shots: 28
✓ Unique games: 1227
✓ Unique players: 418

✓ Saved to: nba_shots_2008-09_all.csv

============================================================
OVERALL PROGRESS: 9/26 seasons
Elapsed: 8:29:41.422114
Est. remaining: 16:02:44.908430
============================================================


############################################################
SEASON 2009-10 (10/26)
############################################################

Starting shot data collection
Season: 2009-10
Total teams: 30
Started at: 2025-11-10 08:17:54
------------------------------------------------------------
[1/30] Atlanta Hawks: 6801 shots
[2/30] Boston Celtics: 6294 shots
[3/30] Cleveland Cavaliers: 6391 shots
[4/30] New Orleans Pelicans: 6842 shots
[5/30] Chicago Bulls: 6825 shots
  → Progress saved: 33153 total shots so far
[6/30] Dallas Mavericks: 6760 shots
[7/30] Denver Nuggets: 6678 shots
[8/30] Golden State Warriors: 7094 shots
[9/30] Houston Rockets: 6923 shots
[10/30] Los Angeles Clippers: 6601 shots
  → Progress saved: 67209 total shots so far
[11/30] Los Angeles Lakers: 6875 shots
[12/30] Miami Heat: 6518 shots
[13/30] Milwaukee Bucks: 6998 shots
[14/30] Minnesota Timberwolves: 6923 shots
[15/30] Brooklyn Nets: 6554 shots
  → Progress saved: 101077 total shots so far
[16/30] New York Knicks: 6876 shots
[17/30] Orlando Magic: 6394 shots
[18/30] Indiana Pacers: 6823 shots
[19/30] Philadelphia 76ers: 6706 shots
[20/30] Phoenix Suns: 6788 shots
  → Progress saved: 134664 total shots so far
[21/30] Portland Trail Blazers: 6453 shots
[22/30] Sacramento Kings: 6895 shots
[23/30] San Antonio Spurs: 6659 shots
[24/30] Oklahoma City Thunder: 6629 shots
[25/30] Toronto Raptors: 6631 shots
  → Progress saved: 167931 total shots so far
[26/30] Utah Jazz: 6575 shots
[27/30] Memphis Grizzlies: 6875 shots
[28/30] Washington Wizards: 6700 shots
[29/30] Detroit Pistons: 6602 shots
[30/30] Charlotte Hornets: 6306 shots
  → Progress saved: 200989 total shots so far
------------------------------------------------------------
Completed at: 2025-11-10 08:19:44

✓ Total shots collected: 200,989
✓ Teams with shots: 30
✓ Unique games: 1230
✓ Unique players: 440

✓ Saved to: nba_shots_2009-10_all.csv

============================================================
OVERALL PROGRESS: 10/26 seasons
Elapsed: 8:31:32.496280
Est. remaining: 13:38:27.994048
============================================================


############################################################
SEASON 2010-11 (11/26)
############################################################

Starting shot data collection
Season: 2010-11
Total teams: 30
Started at: 2025-11-10 08:19:45
------------------------------------------------------------
[1/30] Atlanta Hawks: 6429 shots
[2/30] Boston Celtics: 6219 shots
[3/30] Cleveland Cavaliers: 6647 shots
[4/30] New Orleans Pelicans: 6416 shots
[5/30] Chicago Bulls: 6587 shots
  → Progress saved: 32298 total shots so far
[6/30] Dallas Mavericks: 6463 shots
[7/30] Denver Nuggets: 6613 shots
[8/30] Golden State Warriors: 7047 shots
[9/30] Houston Rockets: 6975 shots
[10/30] Los Angeles Clippers: 6594 shots
  → Progress saved: 65990 total shots so far
[11/30] Los Angeles Lakers: 6757 shots
[12/30] Miami Heat: 6301 shots
[13/30] Milwaukee Bucks: 6544 shots
[14/30] Minnesota Timberwolves: 7014 shots
[15/30] Brooklyn Nets: 6638 shots
  → Progress saved: 99244 total shots so far
[16/30] New York Knicks: 6867 shots
[17/30] Orlando Magic: 6411 shots
[18/30] Indiana Pacers: 6787 shots
[19/30] Philadelphia 76ers: 6776 shots
[20/30] Phoenix Suns: 6844 shots
  → Progress saved: 132929 total shots so far
[21/30] Portland Trail Blazers: 6599 shots
[22/30] Sacramento Kings: 6979 shots
[23/30] San Antonio Spurs: 6628 shots
[24/30] Oklahoma City Thunder: 6609 shots
[25/30] Toronto Raptors: 6755 shots
  → Progress saved: 166499 total shots so far
[26/30] Utah Jazz: 6590 shots
[27/30] Memphis Grizzlies: 6801 shots
[28/30] Washington Wizards: 6888 shots
[29/30] Detroit Pistons: 6647 shots
[30/30] Charlotte Hornets: 6365 shots
  → Progress saved: 199790 total shots so far
------------------------------------------------------------
Completed at: 2025-11-10 08:22:20

✓ Total shots collected: 199,790
✓ Teams with shots: 30
✓ Unique games: 1230
✓ Unique players: 449

✓ Saved to: nba_shots_2010-11_all.csv

============================================================
OVERALL PROGRESS: 11/26 seasons
Elapsed: 8:34:08.504580
Est. remaining: 11:41:06.142605
============================================================


############################################################
SEASON 2011-12 (12/26)
############################################################

Starting shot data collection
Season: 2011-12
Total teams: 30
Started at: 2025-11-10 08:22:21
------------------------------------------------------------
[1/30] Atlanta Hawks: 5348 shots
[2/30] Boston Celtics: 5086 shots
[3/30] Cleveland Cavaliers: 5360 shots
[4/30] New Orleans Pelicans: 5103 shots
[5/30] Chicago Bulls: 5462 shots
  → Progress saved: 26359 total shots so far
[6/30] Dallas Mavericks: 5412 shots
[7/30] Denver Nuggets: 5404 shots
[8/30] Golden State Warriors: 5443 shots
[9/30] Houston Rockets: 5543 shots
[10/30] Los Angeles Clippers: 5366 shots
  → Progress saved: 53527 total shots so far
[11/30] Los Angeles Lakers: 5319 shots
[12/30] Miami Heat: 5212 shots
[13/30] Milwaukee Bucks: 5652 shots
[14/30] Minnesota Timberwolves: 5434 shots
[15/30] Brooklyn Nets: 5320 shots
  → Progress saved: 80464 total shots so far
[16/30] New York Knicks: 5335 shots
[17/30] Orlando Magic: 5162 shots
[18/30] Indiana Pacers: 5375 shots
[19/30] Philadelphia 76ers: 5516 shots
[20/30] Phoenix Suns: 5445 shots
  → Progress saved: 107297 total shots so far
[21/30] Portland Trail Blazers: 5417 shots
[22/30] Sacramento Kings: 5712 shots
[23/30] San Antonio Spurs: 5463 shots
[24/30] Oklahoma City Thunder: 5229 shots
[25/30] Toronto Raptors: 5154 shots
  → Progress saved: 134272 total shots so far
[26/30] Utah Jazz: 5531 shots
[27/30] Memphis Grizzlies: 5422 shots
[28/30] Washington Wizards: 5475 shots
[29/30] Detroit Pistons: 5232 shots
[30/30] Charlotte Hornets: 5293 shots
  → Progress saved: 161225 total shots so far
------------------------------------------------------------
Completed at: 2025-11-10 08:24:42

✓ Total shots collected: 161,225
✓ Teams with shots: 30
✓ Unique games: 990
✓ Unique players: 478

✓ Saved to: nba_shots_2011-12_all.csv

============================================================
OVERALL PROGRESS: 12/26 seasons
Elapsed: 8:36:29.809056
Est. remaining: 10:02:34.777232
============================================================


############################################################
SEASON 2012-13 (13/26)
############################################################

Starting shot data collection
Season: 2012-13
Total teams: 30
Started at: 2025-11-10 08:24:42
------------------------------------------------------------
[1/30] Atlanta Hawks: 6644 shots
[2/30] Boston Celtics: 6459 shots
[3/30] Cleveland Cavaliers: 6901 shots
[4/30] New Orleans Pelicans: 6589 shots
[5/30] Chicago Bulls: 6698 shots
  → Progress saved: 33291 total shots so far
[6/30] Dallas Mavericks: 6892 shots
[7/30] Denver Nuggets: 6983 shots
[8/30] Golden State Warriors: 6840 shots
[9/30] Houston Rockets: 6782 shots
[10/30] Los Angeles Clippers: 6608 shots
  → Progress saved: 67396 total shots so far
[11/30] Los Angeles Lakers: 6640 shots
[12/30] Miami Heat: 6348 shots
[13/30] Milwaukee Bucks: 7197 shots
[14/30] Minnesota Timberwolves: 6702 shots
[15/30] Brooklyn Nets: 6544 shots
  → Progress saved: 100827 total shots so far
[16/30] New York Knicks: 6689 shots
[17/30] Orlando Magic: 6904 shots
[18/30] Indiana Pacers: 6525 shots
[19/30] Philadelphia 76ers: 6895 shots
[20/30] Phoenix Suns: 6917 shots
  → Progress saved: 134757 total shots so far
[21/30] Portland Trail Blazers: 6715 shots
[22/30] Sacramento Kings: 6904 shots
[23/30] San Antonio Spurs: 6675 shots
[24/30] Oklahoma City Thunder: 6504 shots
[25/30] Toronto Raptors: 6685 shots
  → Progress saved: 168240 total shots so far
[26/30] Utah Jazz: 6710 shots
[27/30] Memphis Grizzlies: 6679 shots
[28/30] Washington Wizards: 6693 shots
[29/30] Detroit Pistons: 6638 shots
[30/30] Charlotte Hornets: 6649 shots
  → Progress saved: 201609 total shots so far
------------------------------------------------------------
Completed at: 2025-11-10 08:27:06

✓ Total shots collected: 201,609
✓ Teams with shots: 30
✓ Unique games: 1229
✓ Unique players: 466

✓ Saved to: nba_shots_2012-13_all.csv

============================================================
OVERALL PROGRESS: 13/26 seasons
Elapsed: 8:38:53.869061
Est. remaining: 8:38:53.869065
============================================================


############################################################
SEASON 2013-14 (14/26)
############################################################

Starting shot data collection
Season: 2013-14
Total teams: 30
Started at: 2025-11-10 08:27:06
------------------------------------------------------------
[1/30] Atlanta Hawks: 6688 shots
[2/30] Boston Celtics: 6883 shots
[3/30] Cleveland Cavaliers: 6955 shots
[4/30] New Orleans Pelicans: 6761 shots
[5/30] Chicago Bulls: 6577 shots
  → Progress saved: 33864 total shots so far
[6/30] Dallas Mavericks: 6858 shots
[7/30] Denver Nuggets: 7042 shots
[8/30] Golden State Warriors: 7005 shots
[9/30] Houston Rockets: 6603 shots
[10/30] Los Angeles Clippers: 6761 shots
  → Progress saved: 68133 total shots so far
[11/30] Los Angeles Lakers: 6980 shots
[12/30] Miami Heat: 6272 shots
[13/30] Milwaukee Bucks: 6737 shots
[14/30] Minnesota Timberwolves: 7175 shots
[15/30] Brooklyn Nets: 6391 shots
  → Progress saved: 101688 total shots so far
[16/30] New York Knicks: 6739 shots
[17/30] Orlando Magic: 6784 shots
[18/30] Indiana Pacers: 6573 shots
[19/30] Philadelphia 76ers: 7150 shots
[20/30] Phoenix Suns: 6845 shots
  → Progress saved: 135779 total shots so far
[21/30] Portland Trail Blazers: 7134 shots
[22/30] Sacramento Kings: 6766 shots
[23/30] San Antonio Spurs: 6844 shots
[24/30] Oklahoma City Thunder: 6782 shots
[25/30] Toronto Raptors: 6718 shots
  → Progress saved: 170023 total shots so far
[26/30] Utah Jazz: 6652 shots
[27/30] Memphis Grizzlies: 6723 shots
[28/30] Washington Wizards: 6920 shots
[29/30] Detroit Pistons: 7124 shots
[30/30] Charlotte Hornets: 6730 shots
  → Progress saved: 204172 total shots so far
------------------------------------------------------------
Completed at: 2025-11-10 08:29:03

✓ Total shots collected: 204,172
✓ Teams with shots: 30
✓ Unique games: 1230
✓ Unique players: 479

✓ Saved to: nba_shots_2013-14_all.csv

============================================================
OVERALL PROGRESS: 14/26 seasons
Elapsed: 8:40:50.870236
Est. remaining: 7:26:26.460204
============================================================


############################################################
SEASON 2014-15 (15/26)
############################################################

Starting shot data collection
Season: 2014-15
Total teams: 30
Started at: 2025-11-10 08:29:03
------------------------------------------------------------
[1/30] Atlanta Hawks: 6699 shots
[2/30] Boston Celtics: 7211 shots
[3/30] Cleveland Cavaliers: 6739 shots
[4/30] New Orleans Pelicans: 6795 shots
[5/30] Chicago Bulls: 6797 shots
  → Progress saved: 34241 total shots so far
[6/30] Dallas Mavericks: 7036 shots
[7/30] Denver Nuggets: 7158 shots
[8/30] Golden State Warriors: 7137 shots
[9/30] Houston Rockets: 6832 shots
[10/30] Los Angeles Clippers: 6830 shots
  → Progress saved: 69234 total shots so far
[11/30] Los Angeles Lakers: 7020 shots
[12/30] Miami Heat: 6330 shots
[13/30] Milwaukee Bucks: 6722 shots
[14/30] Minnesota Timberwolves: 6820 shots
[15/30] Brooklyn Nets: 6804 shots
  → Progress saved: 102930 total shots so far
[16/30] New York Knicks: 6726 shots
[17/30] Orlando Magic: 6792 shots
[18/30] Indiana Pacers: 6824 shots
[19/30] Philadelphia 76ers: 6777 shots
[20/30] Phoenix Suns: 7038 shots
  → Progress saved: 137087 total shots so far
[21/30] Portland Trail Blazers: 7049 shots
[22/30] Sacramento Kings: 6617 shots
[23/30] San Antonio Spurs: 6854 shots
[24/30] Oklahoma City Thunder: 7119 shots
[25/30] Toronto Raptors: 6829 shots
  → Progress saved: 171555 total shots so far
[26/30] Utah Jazz: 6492 shots
[27/30] Memphis Grizzlies: 6763 shots
[28/30] Washington Wizards: 6790 shots
[29/30] Detroit Pistons: 7038 shots
[30/30] Charlotte Hornets: 6932 shots
  → Progress saved: 205570 total shots so far
------------------------------------------------------------
Completed at: 2025-11-10 08:31:07

✓ Total shots collected: 205,570
✓ Teams with shots: 30
✓ Unique games: 1230
✓ Unique players: 490

✓ Saved to: nba_shots_2014-15_all.csv

============================================================
OVERALL PROGRESS: 15/26 seasons
Elapsed: 8:42:55.129529
Est. remaining: 6:23:28.428322
============================================================


############################################################
SEASON 2015-16 (16/26)
############################################################

Starting shot data collection
Season: 2015-16
Total teams: 30
Started at: 2025-11-10 08:31:08
------------------------------------------------------------
[1/30] Atlanta Hawks: 6923 shots
[2/30] Boston Celtics: 7318 shots
[3/30] Cleveland Cavaliers: 6888 shots
[4/30] New Orleans Pelicans: 7040 shots
[5/30] Chicago Bulls: 7170 shots
  → Progress saved: 35339 total shots so far
[6/30] Dallas Mavericks: 6900 shots
[7/30] Denver Nuggets: 7003 shots
[8/30] Golden State Warriors: 7159 shots
[9/30] Houston Rockets: 6847 shots
[10/30] Los Angeles Clippers: 6759 shots
  → Progress saved: 70007 total shots so far
[11/30] Los Angeles Lakers: 6956 shots
[12/30] Miami Heat: 6697 shots
[13/30] Milwaukee Bucks: 6740 shots
[14/30] Minnesota Timberwolves: 6668 shots
[15/30] Brooklyn Nets: 6920 shots
  → Progress saved: 103988 total shots so far
[16/30] New York Knicks: 6886 shots
[17/30] Orlando Magic: 7120 shots
[18/30] Indiana Pacers: 6985 shots
[19/30] Philadelphia 76ers: 6887 shots
[20/30] Phoenix Suns: 7018 shots
  → Progress saved: 138884 total shots so far
[21/30] Portland Trail Blazers: 7040 shots
[22/30] Sacramento Kings: 7083 shots
[23/30] San Antonio Spurs: 6797 shots
[24/30] Oklahoma City Thunder: 7082 shots
[25/30] Toronto Raptors: 6669 shots
  → Progress saved: 173555 total shots so far
[26/30] Utah Jazz: 6593 shots
[27/30] Memphis Grizzlies: 6859 shots
[28/30] Washington Wizards: 7033 shots
[29/30] Detroit Pistons: 7087 shots
[30/30] Charlotte Hornets: 6922 shots
  → Progress saved: 208049 total shots so far
------------------------------------------------------------
Completed at: 2025-11-10 08:33:44

✓ Total shots collected: 208,049
✓ Teams with shots: 30
✓ Unique games: 1230
✓ Unique players: 475

✓ Saved to: nba_shots_2015-16_all.csv

============================================================
OVERALL PROGRESS: 16/26 seasons
Elapsed: 8:45:32.436971
Est. remaining: 5:28:27.773110
============================================================


############################################################
SEASON 2016-17 (17/26)
############################################################

Starting shot data collection
Season: 2016-17
Total teams: 30
Started at: 2025-11-10 08:33:45
------------------------------------------------------------
[1/30] Atlanta Hawks: 6918 shots
[2/30] Boston Celtics: 6977 shots
[3/30] Cleveland Cavaliers: 6963 shots
[4/30] New Orleans Pelicans: 7130 shots
[5/30] Chicago Bulls: 7141 shots
  → Progress saved: 35129 total shots so far
[6/30] Dallas Mavericks: 6750 shots
[7/30] Denver Nuggets: 7194 shots
[8/30] Golden State Warriors: 7140 shots
[9/30] Houston Rockets: 7152 shots
[10/30] Los Angeles Clippers: 6820 shots
  → Progress saved: 70185 total shots so far
[11/30] Los Angeles Lakers: 7164 shots
[12/30] Miami Heat: 7037 shots
[13/30] Milwaukee Bucks: 6715 shots
[14/30] Minnesota Timberwolves: 6922 shots
[15/30] Brooklyn Nets: 6987 shots
  → Progress saved: 105010 total shots so far
[16/30] New York Knicks: 7256 shots
[17/30] Orlando Magic: 7133 shots
[18/30] Indiana Pacers: 6931 shots
[19/30] Philadelphia 76ers: 6992 shots
[20/30] Phoenix Suns: 7260 shots
  → Progress saved: 140582 total shots so far
[21/30] Portland Trail Blazers: 7059 shots
[22/30] Sacramento Kings: 6734 shots
[23/30] San Antonio Spurs: 6864 shots
[24/30] Oklahoma City Thunder: 7169 shots
[25/30] Toronto Raptors: 6918 shots
  → Progress saved: 175326 total shots so far
[26/30] Utah Jazz: 6515 shots
[27/30] Memphis Grizzlies: 6854 shots
[28/30] Washington Wizards: 7137 shots
[29/30] Detroit Pistons: 7282 shots
[30/30] Charlotte Hornets: 7000 shots
  → Progress saved: 210114 total shots so far
------------------------------------------------------------
Completed at: 2025-11-10 08:36:21

✓ Total shots collected: 210,114
✓ Teams with shots: 30
✓ Unique games: 1230
✓ Unique players: 485

✓ Saved to: nba_shots_2016-17_all.csv

============================================================
OVERALL PROGRESS: 17/26 seasons
Elapsed: 8:48:09.058617
Est. remaining: 4:39:36.560448
============================================================


############################################################
SEASON 2017-18 (18/26)
############################################################

Starting shot data collection
Season: 2017-18
Total teams: 30
Started at: 2025-11-10 08:36:22
------------------------------------------------------------
[1/30] Atlanta Hawks: 7015 shots
[2/30] Boston Celtics: 6975 shots
[3/30] Cleveland Cavaliers: 6950 shots
[4/30] New Orleans Pelicans: 7241 shots
[5/30] Chicago Bulls: 7285 shots
  → Progress saved: 35466 total shots so far
[6/30] Dallas Mavericks: 7042 shots
[7/30] Denver Nuggets: 7102 shots
[8/30] Golden State Warriors: 6979 shots
[9/30] Houston Rockets: 6906 shots
[10/30] Los Angeles Clippers: 7004 shots
  → Progress saved: 70499 total shots so far
[11/30] Los Angeles Lakers: 7248 shots
[12/30] Miami Heat: 6997 shots
[13/30] Milwaukee Bucks: 6807 shots
[14/30] Minnesota Timberwolves: 7063 shots
[15/30] Brooklyn Nets: 7114 shots
  → Progress saved: 105728 total shots so far
[16/30] New York Knicks: 7193 shots
[17/30] Orlando Magic: 7042 shots
[18/30] Indiana Pacers: 7083 shots
[19/30] Philadelphia 76ers: 7098 shots
[20/30] Phoenix Suns: 7141 shots
  → Progress saved: 141285 total shots so far
[21/30] Portland Trail Blazers: 7132 shots
[22/30] Sacramento Kings: 7063 shots
[23/30] San Antonio Spurs: 6999 shots
[24/30] Oklahoma City Thunder: 7221 shots
[25/30] Toronto Raptors: 7169 shots
  → Progress saved: 176869 total shots so far
[26/30] Utah Jazz: 6797 shots
[27/30] Memphis Grizzlies: 6788 shots
[28/30] Washington Wizards: 7018 shots
[29/30] Detroit Pistons: 7129 shots
[30/30] Charlotte Hornets: 7106 shots
  → Progress saved: 211707 total shots so far
------------------------------------------------------------
Completed at: 2025-11-10 08:38:43

✓ Total shots collected: 211,707
✓ Teams with shots: 30
✓ Unique games: 1230
✓ Unique players: 537

✓ Saved to: nba_shots_2017-18_all.csv

============================================================
OVERALL PROGRESS: 18/26 seasons
Elapsed: 8:50:31.098778
Est. remaining: 3:55:47.155016
============================================================


############################################################
SEASON 2018-19 (19/26)
############################################################

Starting shot data collection
Season: 2018-19
Total teams: 30
Started at: 2025-11-10 08:38:44
------------------------------------------------------------
[1/30] Atlanta Hawks: 7524 shots
[2/30] Boston Celtics: 7423 shots
[3/30] Cleveland Cavaliers: 7184 shots
[4/30] New Orleans Pelicans: 7563 shots
[5/30] Chicago Bulls: 7205 shots
  → Progress saved: 36899 total shots so far
[6/30] Dallas Mavericks: 7122 shots
[7/30] Denver Nuggets: 7384 shots
[8/30] Golden State Warriors: 7361 shots
[9/30] Houston Rockets: 7163 shots
[10/30] Los Angeles Clippers: 7178 shots
  → Progress saved: 73107 total shots so far
[11/30] Los Angeles Lakers: 7425 shots
[12/30] Miami Heat: 7218 shots
[13/30] Milwaukee Bucks: 7471 shots
[14/30] Minnesota Timberwolves: 7483 shots
[15/30] Brooklyn Nets: 7358 shots
  → Progress saved: 110062 total shots so far
[16/30] New York Knicks: 7241 shots
[17/30] Orlando Magic: 7307 shots
[18/30] Indiana Pacers: 7135 shots
[19/30] Philadelphia 76ers: 7233 shots
[20/30] Phoenix Suns: 7164 shots
  → Progress saved: 146142 total shots so far
[21/30] Portland Trail Blazers: 7427 shots
[22/30] Sacramento Kings: 7637 shots
[23/30] San Antonio Spurs: 7248 shots
[24/30] Oklahoma City Thunder: 7706 shots
[25/30] Toronto Raptors: 7305 shots
  → Progress saved: 183465 total shots so far
[26/30] Utah Jazz: 7082 shots
[27/30] Memphis Grizzlies: 6924 shots
[28/30] Washington Wizards: 7387 shots
[29/30] Detroit Pistons: 7238 shots
[30/30] Charlotte Hornets: 7362 shots
  → Progress saved: 219458 total shots so far
------------------------------------------------------------
Completed at: 2025-11-10 08:39:11

✓ Total shots collected: 219,458
✓ Teams with shots: 30
✓ Unique games: 1230
✓ Unique players: 526

✓ Saved to: nba_shots_2018-19_all.csv

============================================================
OVERALL PROGRESS: 19/26 seasons
Elapsed: 8:50:59.273695
Est. remaining: 3:15:37.627153
============================================================


############################################################
SEASON 2019-20 (20/26)
############################################################

Starting shot data collection
Season: 2019-20
Total teams: 30
Started at: 2025-11-10 08:39:12
------------------------------------------------------------
[1/30] Atlanta Hawks: 6067 shots
[2/30] Boston Celtics: 6448 shots
[3/30] Cleveland Cavaliers: 5715 shots
[4/30] New Orleans Pelicans: 6598 shots
[5/30] Chicago Bulls: 5762 shots
  → Progress saved: 30590 total shots so far
[6/30] Dallas Mavericks: 6772 shots
[7/30] Denver Nuggets: 6488 shots
[8/30] Golden State Warriors: 5730 shots
[9/30] Houston Rockets: 6512 shots
[10/30] Los Angeles Clippers: 6425 shots
  → Progress saved: 62517 total shots so far
[11/30] Los Angeles Lakers: 6269 shots
[12/30] Miami Heat: 6160 shots
[13/30] Milwaukee Bucks: 6638 shots
[14/30] Minnesota Timberwolves: 5865 shots
[15/30] Brooklyn Nets: 6498 shots
  → Progress saved: 93947 total shots so far
[16/30] New York Knicks: 5896 shots
[17/30] Orlando Magic: 6468 shots
[18/30] Indiana Pacers: 6457 shots
[19/30] Philadelphia 76ers: 6417 shots
[20/30] Phoenix Suns: 6429 shots
  → Progress saved: 125614 total shots so far
[21/30] Portland Trail Blazers: 6749 shots
[22/30] Sacramento Kings: 6364 shots
[23/30] San Antonio Spurs: 6350 shots
[24/30] Oklahoma City Thunder: 6156 shots
[25/30] Toronto Raptors: 6331 shots
  → Progress saved: 157564 total shots so far
[26/30] Utah Jazz: 6130 shots
[27/30] Memphis Grizzlies: 6634 shots
[28/30] Washington Wizards: 6544 shots
[29/30] Detroit Pistons: 5658 shots
[30/30] Charlotte Hornets: 5586 shots
  → Progress saved: 188116 total shots so far
------------------------------------------------------------
Completed at: 2025-11-10 08:39:35

✓ Total shots collected: 188,116
✓ Teams with shots: 30
✓ Unique games: 1059
✓ Unique players: 527

✓ Saved to: nba_shots_2019-20_all.csv

============================================================
OVERALL PROGRESS: 20/26 seasons
Elapsed: 8:51:23.231411
Est. remaining: 2:39:24.969426
============================================================


############################################################
SEASON 2020-21 (21/26)
############################################################

Starting shot data collection
Season: 2020-21
Total teams: 30
Started at: 2025-11-10 08:39:36
------------------------------------------------------------
[1/30] Atlanta Hawks: 6281 shots
[2/30] Boston Celtics: 6401 shots
[3/30] Cleveland Cavaliers: 6175 shots
[4/30] New Orleans Pelicans: 6412 shots
[5/30] Chicago Bulls: 6380 shots
  → Progress saved: 31649 total shots so far
[6/30] Dallas Mavericks: 6287 shots
[7/30] Denver Nuggets: 6422 shots
[8/30] Golden State Warriors: 6347 shots
[9/30] Houston Rockets: 6372 shots
[10/30] Los Angeles Clippers: 6242 shots
  → Progress saved: 63319 total shots so far
[11/30] Los Angeles Lakers: 6197 shots
[12/30] Miami Heat: 6029 shots
[13/30] Milwaukee Bucks: 6610 shots
[14/30] Minnesota Timberwolves: 6546 shots
[15/30] Brooklyn Nets: 6289 shots
  → Progress saved: 94990 total shots so far
[16/30] New York Knicks: 6225 shots
[17/30] Orlando Magic: 6423 shots
[18/30] Indiana Pacers: 6567 shots
[19/30] Philadelphia 76ers: 6257 shots
[20/30] Phoenix Suns: 6357 shots
  → Progress saved: 126819 total shots so far
[21/30] Portland Trail Blazers: 6558 shots
[22/30] Sacramento Kings: 6382 shots
[23/30] San Antonio Spurs: 6518 shots
[24/30] Oklahoma City Thunder: 6338 shots
[25/30] Toronto Raptors: 6383 shots
  → Progress saved: 158998 total shots so far
[26/30] Utah Jazz: 6344 shots
[27/30] Memphis Grizzlies: 6608 shots
[28/30] Washington Wizards: 6547 shots
[29/30] Detroit Pistons: 6162 shots
[30/30] Charlotte Hornets: 6324 shots
  → Progress saved: 190983 total shots so far
------------------------------------------------------------
Completed at: 2025-11-10 08:39:59

✓ Total shots collected: 190,983
✓ Teams with shots: 30
✓ Unique games: 1080
✓ Unique players: 539

✓ Saved to: nba_shots_2020-21_all.csv

============================================================
OVERALL PROGRESS: 21/26 seasons
Elapsed: 8:51:47.418632
Est. remaining: 2:06:37.004435
============================================================


############################################################
SEASON 2021-22 (22/26)
############################################################

Starting shot data collection
Season: 2021-22
Total teams: 30
Started at: 2025-11-10 08:40:00
------------------------------------------------------------
[1/30] Atlanta Hawks: 7241 shots
[2/30] Boston Celtics: 7167 shots
[3/30] Cleveland Cavaliers: 6940 shots
[4/30] New Orleans Pelicans: 7212 shots
[5/30] Chicago Bulls: 7127 shots
  → Progress saved: 35687 total shots so far
[6/30] Dallas Mavericks: 6982 shots
[7/30] Denver Nuggets: 7079 shots
[8/30] Golden State Warriors: 7087 shots
[9/30] Houston Rockets: 7083 shots
[10/30] Los Angeles Clippers: 7170 shots
  → Progress saved: 71088 total shots so far
[11/30] Los Angeles Lakers: 7279 shots
[12/30] Miami Heat: 6954 shots
[13/30] Milwaukee Bucks: 7331 shots
[14/30] Minnesota Timberwolves: 7458 shots
[15/30] Brooklyn Nets: 7251 shots
  → Progress saved: 107361 total shots so far
[16/30] New York Knicks: 7069 shots
[17/30] Orlando Magic: 7240 shots
[18/30] Indiana Pacers: 7338 shots
[19/30] Philadelphia 76ers: 6932 shots
[20/30] Phoenix Suns: 7389 shots
  → Progress saved: 143329 total shots so far
[21/30] Portland Trail Blazers: 7144 shots
[22/30] Sacramento Kings: 7223 shots
[23/30] San Antonio Spurs: 7601 shots
[24/30] Oklahoma City Thunder: 7310 shots
[25/30] Toronto Raptors: 7489 shots
  → Progress saved: 180096 total shots so far
[26/30] Utah Jazz: 7067 shots
[27/30] Memphis Grizzlies: 7739 shots
[28/30] Washington Wizards: 7056 shots
[29/30] Detroit Pistons: 7267 shots
[30/30] Charlotte Hornets: 7497 shots
  → Progress saved: 216722 total shots so far
------------------------------------------------------------
Completed at: 2025-11-10 08:40:54

✓ Total shots collected: 216,722
✓ Teams with shots: 30
✓ Unique games: 1230
✓ Unique players: 596

✓ Saved to: nba_shots_2021-22_all.csv

============================================================
OVERALL PROGRESS: 22/26 seasons
Elapsed: 8:52:42.691978
Est. remaining: 1:36:51.398540
============================================================


############################################################
SEASON 2022-23 (23/26)
############################################################

Starting shot data collection
Season: 2022-23
Total teams: 30
Started at: 2025-11-10 08:40:55
------------------------------------------------------------
[1/30] Atlanta Hawks: 7574 shots
[2/30] Boston Celtics: 7278 shots
[3/30] Cleveland Cavaliers: 6984 shots
[4/30] New Orleans Pelicans: 7180 shots
[5/30] Chicago Bulls: 7116 shots
  → Progress saved: 36132 total shots so far
[6/30] Dallas Mavericks: 6909 shots
[7/30] Denver Nuggets: 7088 shots
[8/30] Golden State Warriors: 7393 shots
[9/30] Houston Rockets: 7287 shots
[10/30] Los Angeles Clippers: 7060 shots
  → Progress saved: 71869 total shots so far
[11/30] Los Angeles Lakers: 7298 shots
[12/30] Miami Heat: 6991 shots
[13/30] Milwaukee Bucks: 7411 shots
[14/30] Minnesota Timberwolves: 7167 shots
[15/30] Brooklyn Nets: 6978 shots
  → Progress saved: 107714 total shots so far
[16/30] New York Knicks: 7328 shots
[17/30] Orlando Magic: 7074 shots
[18/30] Indiana Pacers: 7345 shots
[19/30] Philadelphia 76ers: 6870 shots
[20/30] Phoenix Suns: 7388 shots
  → Progress saved: 143719 total shots so far
[21/30] Portland Trail Blazers: 7001 shots
[22/30] Sacramento Kings: 7232 shots
[23/30] San Antonio Spurs: 7593 shots
[24/30] Oklahoma City Thunder: 7590 shots
[25/30] Toronto Raptors: 7489 shots
  → Progress saved: 180624 total shots so far
[26/30] Utah Jazz: 7365 shots
[27/30] Memphis Grizzlies: 7551 shots
[28/30] Washington Wizards: 7127 shots
[29/30] Detroit Pistons: 7140 shots
[30/30] Charlotte Hornets: 7413 shots
  → Progress saved: 217220 total shots so far
------------------------------------------------------------
Completed at: 2025-11-10 08:42:06

✓ Total shots collected: 217,220
✓ Teams with shots: 30
✓ Unique games: 1230
✓ Unique players: 537

✓ Saved to: nba_shots_2022-23_all.csv

============================================================
OVERALL PROGRESS: 23/26 seasons
Elapsed: 8:53:53.872626
Est. remaining: 1:09:38.331213
============================================================


############################################################
SEASON 2023-24 (24/26)
############################################################

Starting shot data collection
Season: 2023-24
Total teams: 30
Started at: 2025-11-10 08:42:06
------------------------------------------------------------
[1/30] Atlanta Hawks: 7584 shots
[2/30] Boston Celtics: 7396 shots
[3/30] Cleveland Cavaliers: 7147 shots
[4/30] New Orleans Pelicans: 7165 shots
[5/30] Chicago Bulls: 7339 shots
  → Progress saved: 36631 total shots so far
[6/30] Dallas Mavericks: 7352 shots
[7/30] Denver Nuggets: 7279 shots
[8/30] Golden State Warriors: 7515 shots
[9/30] Houston Rockets: 7459 shots
[10/30] Los Angeles Clippers: 7108 shots
  → Progress saved: 73344 total shots so far
[11/30] Los Angeles Lakers: 7177 shots
[12/30] Miami Heat: 7022 shots
[13/30] Milwaukee Bucks: 7258 shots
[14/30] Minnesota Timberwolves: 6974 shots
[15/30] Brooklyn Nets: 7307 shots
  → Progress saved: 109082 total shots so far
[16/30] New York Knicks: 7272 shots
[17/30] Orlando Magic: 6964 shots
[18/30] Indiana Pacers: 7599 shots
[19/30] Philadelphia 76ers: 7331 shots
[20/30] Phoenix Suns: 7063 shots
  → Progress saved: 145311 total shots so far
[21/30] Portland Trail Blazers: 7356 shots
[22/30] Sacramento Kings: 7455 shots
[23/30] San Antonio Spurs: 7436 shots
[24/30] Oklahoma City Thunder: 7324 shots
[25/30] Toronto Raptors: 7356 shots
  → Progress saved: 182238 total shots so far
[26/30] Utah Jazz: 7371 shots
[27/30] Memphis Grizzlies: 7229 shots
[28/30] Washington Wizards: 7493 shots
[29/30] Detroit Pistons: 7236 shots
[30/30] Charlotte Hornets: 7133 shots
  → Progress saved: 218700 total shots so far
------------------------------------------------------------
Completed at: 2025-11-10 08:43:05

✓ Total shots collected: 218,700
✓ Teams with shots: 30
✓ Unique games: 1230
✓ Unique players: 568

✓ Saved to: nba_shots_2023-24_all.csv

============================================================
OVERALL PROGRESS: 24/26 seasons
Elapsed: 8:54:53.108999
Est. remaining: 0:44:34.425750
============================================================


############################################################
SEASON 2024-25 (25/26)
############################################################

Starting shot data collection
Season: 2024-25
Total teams: 30
Started at: 2025-11-10 08:43:06
------------------------------------------------------------
[1/30] Atlanta Hawks: 7528 shots
[2/30] Boston Celtics: 7382 shots
[3/30] Cleveland Cavaliers: 7444 shots
[4/30] New Orleans Pelicans: 7368 shots
[5/30] Chicago Bulls: 7545 shots
  → Progress saved: 37267 total shots so far
[6/30] Dallas Mavericks: 7194 shots
[7/30] Denver Nuggets: 7360 shots
[8/30] Golden State Warriors: 7412 shots
[9/30] Houston Rockets: 7659 shots
[10/30] Los Angeles Clippers: 7075 shots
  → Progress saved: 73967 total shots so far
[11/30] Los Angeles Lakers: 7007 shots
[12/30] Miami Heat: 7138 shots
[13/30] Milwaukee Bucks: 7082 shots
[14/30] Minnesota Timberwolves: 7182 shots
[15/30] Brooklyn Nets: 7060 shots
  → Progress saved: 109436 total shots so far
[16/30] New York Knicks: 7315 shots
[17/30] Orlando Magic: 7034 shots
[18/30] Indiana Pacers: 7326 shots
[19/30] Philadelphia 76ers: 7168 shots
[20/30] Phoenix Suns: 7075 shots
  → Progress saved: 145354 total shots so far
[21/30] Portland Trail Blazers: 7396 shots
[22/30] Sacramento Kings: 7385 shots
[23/30] San Antonio Spurs: 7362 shots
[24/30] Oklahoma City Thunder: 7600 shots
[25/30] Toronto Raptors: 7462 shots
  → Progress saved: 182559 total shots so far
[26/30] Utah Jazz: 7272 shots
[27/30] Memphis Grizzlies: 7654 shots
[28/30] Washington Wizards: 7371 shots
[29/30] Detroit Pistons: 7363 shots
[30/30] Charlotte Hornets: 7308 shots
  → Progress saved: 219527 total shots so far
------------------------------------------------------------
Completed at: 2025-11-10 08:45:01

✓ Total shots collected: 219,527
✓ Teams with shots: 30
✓ Unique games: 1230
✓ Unique players: 566

✓ Saved to: nba_shots_2024-25_all.csv

============================================================
OVERALL PROGRESS: 25/26 seasons
Elapsed: 8:56:49.615919
Est. remaining: 0:21:28.384637
============================================================


############################################################
SEASON 2025-26 (26/26)
############################################################

Starting shot data collection
Season: 2025-26
Total teams: 30
Started at: 2025-11-10 08:45:02
------------------------------------------------------------
[1/30] Atlanta Hawks: 883 shots
[2/30] Boston Celtics: 1025 shots
[3/30] Cleveland Cavaliers: 910 shots
[4/30] New Orleans Pelicans: 802 shots
[5/30] Chicago Bulls: 793 shots
  → Progress saved: 4413 total shots so far
[6/30] Dallas Mavericks: 859 shots
[7/30] Denver Nuggets: 809 shots
[8/30] Golden State Warriors: 956 shots
[9/30] Houston Rockets: 794 shots
[10/30] Los Angeles Clippers: 739 shots
  → Progress saved: 8570 total shots so far
[11/30] Los Angeles Lakers: 822 shots
[12/30] Miami Heat: 910 shots
[13/30] Milwaukee Bucks: 880 shots
[14/30] Minnesota Timberwolves: 858 shots
[15/30] Brooklyn Nets: 872 shots
  → Progress saved: 12912 total shots so far
[16/30] New York Knicks: 833 shots
[17/30] Orlando Magic: 843 shots
[18/30] Indiana Pacers: 955 shots
[19/30] Philadelphia 76ers: 907 shots
[20/30] Phoenix Suns: 901 shots
  → Progress saved: 17351 total shots so far
[21/30] Portland Trail Blazers: 847 shots
[22/30] Sacramento Kings: 887 shots
[23/30] San Antonio Spurs: 765 shots
[24/30] Oklahoma City Thunder: 1019 shots
[25/30] Toronto Raptors: 887 shots
  → Progress saved: 21756 total shots so far
[26/30] Utah Jazz: 797 shots
[27/30] Memphis Grizzlies: 985 shots
[28/30] Washington Wizards: 909 shots
[29/30] Detroit Pistons: 892 shots
[30/30] Charlotte Hornets: 797 shots
  → Progress saved: 26136 total shots so far
------------------------------------------------------------
Completed at: 2025-11-10 08:45:58

✓ Total shots collected: 26,136
✓ Teams with shots: 30
✓ Unique games: 147
✓ Unique players: 449

✓ Saved to: nba_shots_2025-26_all.csv

============================================================
OVERALL PROGRESS: 26/26 seasons
Elapsed: 8:57:45.640750
Est. remaining: 0:00:00
============================================================


============================================================
ALL SEASONS COMPLETE!
Total time: 8:57:45.640771
============================================================

Summary:
  ✓ 2000-01: 191,664 shots → nba_shots_2000-01_all.csv
  ✓ 2001-02: 193,263 shots → nba_shots_2001-02_all.csv
  ✓ 2002-03: 192,109 shots → nba_shots_2002-03_all.csv
  ✓ 2003-04: 189,803 shots → nba_shots_2003-04_all.csv
  ✓ 2004-05: 163,917 shots → nba_shots_2004-05_all.csv
  ✓ 2005-06: 194,314 shots → nba_shots_2005-06_all.csv
  ✓ 2006-07: 189,716 shots → nba_shots_2006-07_all.csv
  ✓ 2007-08: 154,254 shots → nba_shots_2007-08_all.csv
  ✓ 2008-09: 185,992 shots → nba_shots_2008-09_all.csv
  ✓ 2009-10: 200,989 shots → nba_shots_2009-10_all.csv
  ✓ 2010-11: 199,790 shots → nba_shots_2010-11_all.csv
  ✓ 2011-12: 161,225 shots → nba_shots_2011-12_all.csv
  ✓ 2012-13: 201,609 shots → nba_shots_2012-13_all.csv
  ✓ 2013-14: 204,172 shots → nba_shots_2013-14_all.csv
  ✓ 2014-15: 205,570 shots → nba_shots_2014-15_all.csv
  ✓ 2015-16: 208,049 shots → nba_shots_2015-16_all.csv
  ✓ 2016-17: 210,114 shots → nba_shots_2016-17_all.csv
  ✓ 2017-18: 211,707 shots → nba_shots_2017-18_all.csv
  ✓ 2018-19: 219,458 shots → nba_shots_2018-19_all.csv
  ✓ 2019-20: 188,116 shots → nba_shots_2019-20_all.csv
  ✓ 2020-21: 190,983 shots → nba_shots_2020-21_all.csv
  ✓ 2021-22: 216,722 shots → nba_shots_2021-22_all.csv
  ✓ 2022-23: 217,220 shots → nba_shots_2022-23_all.csv
  ✓ 2023-24: 218,700 shots → nba_shots_2023-24_all.csv
  ✓ 2024-25: 219,527 shots → nba_shots_2024-25_all.csv
  ✓ 2025-26: 26,136 shots → nba_shots_2025-26_all.csv

Total shots collected: 4,955,119
